This is pdfTeX, Version 3.141592653-2.6-1.40.22 (TeX Live 2021) (preloaded format=pdflatex 2021.6.3)  3 JUN 2021 12:37
entering extended mode
 restricted \write18 enabled.
 %&-line parsing enabled.
**supplementary.tex
(./supplementary.tex
LaTeX2e <2021-06-01>
L3 programming layer <2021-06-01>
(/Users/arthur/Library/TinyTeX/texmf-dist/tex/latex/base/article.cls
Document Class: article 2021/02/12 v1.4n Standard LaTeX document class
(/Users/arthur/Library/TinyTeX/texmf-dist/tex/latex/base/size10.clo
File: size10.clo 2021/02/12 v1.4n Standard LaTeX file (size option)
)
\c@part=\count182
\c@section=\count183
\c@subsection=\count184
\c@subsubsection=\count185
\c@paragraph=\count186
\c@subparagraph=\count187
\c@figure=\count188
\c@table=\count189
\abovecaptionskip=\skip47
\belowcaptionskip=\skip48
\bibindent=\dimen138
)
(/Users/arthur/Library/TinyTeX/texmf-dist/tex/latex/amsmath/amsmath.sty
Package: amsmath 2021/04/20 v2.17j AMS math features
\@mathmargin=\skip49

For additional information on amsmath, use the `?' option.
(/Users/arthur/Library/TinyTeX/texmf-dist/tex/latex/amsmath/amstext.sty
Package: amstext 2000/06/29 v2.01 AMS text

(/Users/arthur/Library/TinyTeX/texmf-dist/tex/latex/amsmath/amsgen.sty
File: amsgen.sty 1999/11/30 v2.0 generic functions
\@emptytoks=\toks16
\ex@=\dimen139
))
(/Users/arthur/Library/TinyTeX/texmf-dist/tex/latex/amsmath/amsbsy.sty
Package: amsbsy 1999/11/29 v1.2d Bold Symbols
\pmbraise@=\dimen140
)
(/Users/arthur/Library/TinyTeX/texmf-dist/tex/latex/amsmath/amsopn.sty
Package: amsopn 2016/03/08 v2.02 operator names
)
\inf@bad=\count190
LaTeX Info: Redefining \frac on input line 234.
\uproot@=\count191
\leftroot@=\count192
LaTeX Info: Redefining \overline on input line 399.
\classnum@=\count193
\DOTSCASE@=\count194
LaTeX Info: Redefining \ldots on input line 496.
LaTeX Info: Redefining \dots on input line 499.
LaTeX Info: Redefining \cdots on input line 620.
\Mathstrutbox@=\box50
\strutbox@=\box51
\big@size=\dimen141
LaTeX Font Info:    Redeclaring font encoding OML on input line 743.
LaTeX Font Info:    Redeclaring font encoding OMS on input line 744.
\macc@depth=\count195
\c@MaxMatrixCols=\count196
\dotsspace@=\muskip16
\c@parentequation=\count197
\dspbrk@lvl=\count198
\tag@help=\toks17
\row@=\count199
\column@=\count266
\maxfields@=\count267
\andhelp@=\toks18
\eqnshift@=\dimen142
\alignsep@=\dimen143
\tagshift@=\dimen144
\tagwidth@=\dimen145
\totwidth@=\dimen146
\lineht@=\dimen147
\@envbody=\toks19
\multlinegap=\skip50
\multlinetaggap=\skip51
\mathdisplay@stack=\toks20
LaTeX Info: Redefining \[ on input line 2923.
LaTeX Info: Redefining \] on input line 2924.
)
(/Users/arthur/Library/TinyTeX/texmf-dist/tex/latex/amsfonts/amssymb.sty
Package: amssymb 2013/01/14 v3.01 AMS font symbols

(/Users/arthur/Library/TinyTeX/texmf-dist/tex/latex/amsfonts/amsfonts.sty
Package: amsfonts 2013/01/14 v3.01 Basic AMSFonts support
\symAMSa=\mathgroup4
\symAMSb=\mathgroup5
LaTeX Font Info:    Redeclaring math symbol \hbar on input line 98.
LaTeX Font Info:    Overwriting math alphabet `\mathfrak' in version `bold'
(Font)                  U/euf/m/n --> U/euf/b/n on input line 106.
))
(/Users/arthur/Library/TinyTeX/texmf-dist/tex/latex/lm/lmodern.sty
Package: lmodern 2015/05/01 v1.6.1 Latin Modern Fonts
LaTeX Font Info:    Overwriting symbol font `operators' in version `normal'
(Font)                  OT1/cmr/m/n --> OT1/lmr/m/n on input line 22.
LaTeX Font Info:    Overwriting symbol font `letters' in version `normal'
(Font)                  OML/cmm/m/it --> OML/lmm/m/it on input line 23.
LaTeX Font Info:    Overwriting symbol font `symbols' in version `normal'
(Font)                  OMS/cmsy/m/n --> OMS/lmsy/m/n on input line 24.
LaTeX Font Info:    Overwriting symbol font `largesymbols' in version `normal'
(Font)                  OMX/cmex/m/n --> OMX/lmex/m/n on input line 25.
LaTeX Font Info:    Overwriting symbol font `operators' in version `bold'
(Font)                  OT1/cmr/bx/n --> OT1/lmr/bx/n on input line 26.
LaTeX Font Info:    Overwriting symbol font `letters' in version `bold'
(Font)                  OML/cmm/b/it --> OML/lmm/b/it on input line 27.
LaTeX Font Info:    Overwriting symbol font `symbols' in version `bold'
(Font)                  OMS/cmsy/b/n --> OMS/lmsy/b/n on input line 28.
LaTeX Font Info:    Overwriting symbol font `largesymbols' in version `bold'
(Font)                  OMX/cmex/m/n --> OMX/lmex/m/n on input line 29.
LaTeX Font Info:    Overwriting math alphabet `\mathbf' in version `normal'
(Font)                  OT1/cmr/bx/n --> OT1/lmr/bx/n on input line 31.
LaTeX Font Info:    Overwriting math alphabet `\mathsf' in version `normal'
(Font)                  OT1/cmss/m/n --> OT1/lmss/m/n on input line 32.
LaTeX Font Info:    Overwriting math alphabet `\mathit' in version `normal'
(Font)                  OT1/cmr/m/it --> OT1/lmr/m/it on input line 33.
LaTeX Font Info:    Overwriting math alphabet `\mathtt' in version `normal'
(Font)                  OT1/cmtt/m/n --> OT1/lmtt/m/n on input line 34.
LaTeX Font Info:    Overwriting math alphabet `\mathbf' in version `bold'
(Font)                  OT1/cmr/bx/n --> OT1/lmr/bx/n on input line 35.
LaTeX Font Info:    Overwriting math alphabet `\mathsf' in version `bold'
(Font)                  OT1/cmss/bx/n --> OT1/lmss/bx/n on input line 36.
LaTeX Font Info:    Overwriting math alphabet `\mathit' in version `bold'
(Font)                  OT1/cmr/bx/it --> OT1/lmr/bx/it on input line 37.
LaTeX Font Info:    Overwriting math alphabet `\mathtt' in version `bold'
(Font)                  OT1/cmtt/m/n --> OT1/lmtt/m/n on input line 38.
)
(/Users/arthur/Library/TinyTeX/texmf-dist/tex/generic/iftex/ifxetex.sty
Package: ifxetex 2019/10/25 v0.7 ifxetex legacy package. Use iftex instead.

(/Users/arthur/Library/TinyTeX/texmf-dist/tex/generic/iftex/iftex.sty
Package: iftex 2020/03/06 v1.0d TeX engine tests
))
(/Users/arthur/Library/TinyTeX/texmf-dist/tex/generic/iftex/ifluatex.sty
Package: ifluatex 2019/10/25 v1.5 ifluatex legacy package. Use iftex instead.
)
(/Users/arthur/Library/TinyTeX/texmf-dist/tex/latex/base/fontenc.sty
Package: fontenc 2021/04/29 v2.0v Standard LaTeX package
LaTeX Font Info:    Trying to load font information for T1+lmr on input line 11
2.

(/Users/arthur/Library/TinyTeX/texmf-dist/tex/latex/lm/t1lmr.fd
File: t1lmr.fd 2015/05/01 v1.6.1 Font defs for Latin Modern
))
(/Users/arthur/Library/TinyTeX/texmf-dist/tex/latex/base/inputenc.sty
Package: inputenc 2021/02/14 v1.3d Input encoding file
\inpenc@prehook=\toks21
\inpenc@posthook=\toks22
)
(/Users/arthur/Library/TinyTeX/texmf-dist/tex/latex/base/textcomp.sty
Package: textcomp 2020/02/02 v2.0n Standard LaTeX package
)
(/Users/arthur/Library/TinyTeX/texmf-dist/tex/latex/xcolor/xcolor.sty
Package: xcolor 2016/05/11 v2.12 LaTeX color extensions (UK)

(/Users/arthur/Library/TinyTeX/texmf-dist/tex/latex/graphics-cfg/color.cfg
File: color.cfg 2016/01/02 v1.6 sample color configuration
)
Package xcolor Info: Driver file: pdftex.def on input line 225.

(/Users/arthur/Library/TinyTeX/texmf-dist/tex/latex/graphics-def/pdftex.def
File: pdftex.def 2020/10/05 v1.2a Graphics/color driver for pdftex
)
Package xcolor Info: Model `cmy' substituted by `cmy0' on input line 1348.
Package xcolor Info: Model `hsb' substituted by `rgb' on input line 1352.
Package xcolor Info: Model `RGB' extended on input line 1364.
Package xcolor Info: Model `HTML' substituted by `rgb' on input line 1366.
Package xcolor Info: Model `Hsb' substituted by `hsb' on input line 1367.
Package xcolor Info: Model `tHsb' substituted by `hsb' on input line 1368.
Package xcolor Info: Model `HSB' substituted by `hsb' on input line 1369.
Package xcolor Info: Model `Gray' substituted by `gray' on input line 1370.
Package xcolor Info: Model `wave' substituted by `hsb' on input line 1371.
)
(/Users/arthur/Library/TinyTeX/texmf-dist/tex/latex/hyperref/hyperref.sty
Package: hyperref 2021-02-27 v7.00k Hypertext links for LaTeX

(/Users/arthur/Library/TinyTeX/texmf-dist/tex/generic/ltxcmds/ltxcmds.sty
Package: ltxcmds 2020-05-10 v1.25 LaTeX kernel commands for general use (HO)
)
(/Users/arthur/Library/TinyTeX/texmf-dist/tex/generic/pdftexcmds/pdftexcmds.sty
Package: pdftexcmds 2020-06-27 v0.33 Utility functions of pdfTeX for LuaTeX (HO
)
(/Users/arthur/Library/TinyTeX/texmf-dist/tex/generic/infwarerr/infwarerr.sty
Package: infwarerr 2019/12/03 v1.5 Providing info/warning/error messages (HO)
)
Package pdftexcmds Info: \pdf@primitive is available.
Package pdftexcmds Info: \pdf@ifprimitive is available.
Package pdftexcmds Info: \pdfdraftmode found.
) (/Users/arthur/Library/TinyTeX/texmf-dist/tex/latex/graphics/keyval.sty
Package: keyval 2014/10/28 v1.15 key=value parser (DPC)
\KV@toks@=\toks23
)
(/Users/arthur/Library/TinyTeX/texmf-dist/tex/generic/kvsetkeys/kvsetkeys.sty
Package: kvsetkeys 2019/12/15 v1.18 Key value parser (HO)
)
(/Users/arthur/Library/TinyTeX/texmf-dist/tex/generic/kvdefinekeys/kvdefinekeys
.sty
Package: kvdefinekeys 2019-12-19 v1.6 Define keys (HO)
)
(/Users/arthur/Library/TinyTeX/texmf-dist/tex/generic/pdfescape/pdfescape.sty
Package: pdfescape 2019/12/09 v1.15 Implements pdfTeX's escape features (HO)
)
(/Users/arthur/Library/TinyTeX/texmf-dist/tex/latex/hycolor/hycolor.sty
Package: hycolor 2020-01-27 v1.10 Color options for hyperref/bookmark (HO)
)
(/Users/arthur/Library/TinyTeX/texmf-dist/tex/latex/letltxmacro/letltxmacro.sty
Package: letltxmacro 2019/12/03 v1.6 Let assignment for LaTeX macros (HO)
) (/Users/arthur/Library/TinyTeX/texmf-dist/tex/latex/auxhook/auxhook.sty
Package: auxhook 2019-12-17 v1.6 Hooks for auxiliary files (HO)
)
(/Users/arthur/Library/TinyTeX/texmf-dist/tex/latex/kvoptions/kvoptions.sty
Package: kvoptions 2020-10-07 v3.14 Key value format for package options (HO)
)
\@linkdim=\dimen148
\Hy@linkcounter=\count268
\Hy@pagecounter=\count269

(/Users/arthur/Library/TinyTeX/texmf-dist/tex/latex/hyperref/pd1enc.def
File: pd1enc.def 2021-02-27 v7.00k Hyperref: PDFDocEncoding definition (HO)
Now handling font encoding PD1 ...
... no UTF-8 mapping file for font encoding PD1
)
(/Users/arthur/Library/TinyTeX/texmf-dist/tex/latex/hyperref/hyperref-langpatch
es.def
File: hyperref-langpatches.def 2021-02-27 v7.00k Hyperref: patches for babel la
nguages
)
(/Users/arthur/Library/TinyTeX/texmf-dist/tex/generic/intcalc/intcalc.sty
Package: intcalc 2019/12/15 v1.3 Expandable calculations with integers (HO)
)
(/Users/arthur/Library/TinyTeX/texmf-dist/tex/generic/etexcmds/etexcmds.sty
Package: etexcmds 2019/12/15 v1.7 Avoid name clashes with e-TeX commands (HO)
)
\Hy@SavedSpaceFactor=\count270

(/Users/arthur/Library/TinyTeX/texmf-dist/tex/latex/hyperref/puenc.def
File: puenc.def 2021-02-27 v7.00k Hyperref: PDF Unicode definition (HO)
Now handling font encoding PU ...
... no UTF-8 mapping file for font encoding PU
)
Package hyperref Info: Option `unicode' set `true' on input line 4073.
Package hyperref Info: Hyper figures OFF on input line 4192.
Package hyperref Info: Link nesting OFF on input line 4197.
Package hyperref Info: Hyper index ON on input line 4200.
Package hyperref Info: Plain pages OFF on input line 4207.
Package hyperref Info: Backreferencing OFF on input line 4212.
Package hyperref Info: Implicit mode ON; LaTeX internals redefined.
Package hyperref Info: Bookmarks ON on input line 4445.
\c@Hy@tempcnt=\count271

(/Users/arthur/Library/TinyTeX/texmf-dist/tex/latex/url/url.sty
\Urlmuskip=\muskip17
Package: url 2013/09/16  ver 3.4  Verb mode for urls, etc.
)
LaTeX Info: Redefining \url on input line 4804.
\XeTeXLinkMargin=\dimen149

(/Users/arthur/Library/TinyTeX/texmf-dist/tex/generic/bitset/bitset.sty
Package: bitset 2019/12/09 v1.3 Handle bit-vector datatype (HO)

(/Users/arthur/Library/TinyTeX/texmf-dist/tex/generic/bigintcalc/bigintcalc.sty
Package: bigintcalc 2019/12/15 v1.5 Expandable calculations on big integers (HO
)
))
\Fld@menulength=\count272
\Field@Width=\dimen150
\Fld@charsize=\dimen151
Package hyperref Info: Hyper figures OFF on input line 6075.
Package hyperref Info: Link nesting OFF on input line 6080.
Package hyperref Info: Hyper index ON on input line 6083.
Package hyperref Info: backreferencing OFF on input line 6090.
Package hyperref Info: Link coloring OFF on input line 6095.
Package hyperref Info: Link coloring with OCG OFF on input line 6100.
Package hyperref Info: PDF/A mode OFF on input line 6105.
LaTeX Info: Redefining \ref on input line 6145.
LaTeX Info: Redefining \pageref on input line 6149.
 (/Users/arthur/Library/TinyTeX/texmf-dist/tex/latex/base/atbegshi-ltx.sty
Package: atbegshi-ltx 2021/01/10 v1.0c Emulation of the original atbegshi
package with kernel methods
)
\Hy@abspage=\count273
\c@Item=\count274
\c@Hfootnote=\count275
)
Package hyperref Info: Driver (autodetected): hpdftex.

(/Users/arthur/Library/TinyTeX/texmf-dist/tex/latex/hyperref/hpdftex.def
File: hpdftex.def 2021-02-27 v7.00k Hyperref driver for pdfTeX

(/Users/arthur/Library/TinyTeX/texmf-dist/tex/latex/base/atveryend-ltx.sty
Package: atveryend-ltx 2020/08/19 v1.0a Emulation of the original atvery packag
e
with kernel methods
)
\Fld@listcount=\count276
\c@bookmark@seq@number=\count277

(/Users/arthur/Library/TinyTeX/texmf-dist/tex/latex/rerunfilecheck/rerunfileche
ck.sty
Package: rerunfilecheck 2019/12/05 v1.9 Rerun checks for auxiliary files (HO)

(/Users/arthur/Library/TinyTeX/texmf-dist/tex/generic/uniquecounter/uniquecount
er.sty
Package: uniquecounter 2019/12/15 v1.4 Provide unlimited unique counter (HO)
)
Package uniquecounter Info: New unique counter `rerunfilecheck' on input line 2
86.
)
\Hy@SectionHShift=\skip52
)
(/Users/arthur/Library/TinyTeX/texmf-dist/tex/latex/geometry/geometry.sty
Package: geometry 2020/01/02 v5.9 Page Geometry

(/Users/arthur/Library/TinyTeX/texmf-dist/tex/generic/iftex/ifvtex.sty
Package: ifvtex 2019/10/25 v1.7 ifvtex legacy package. Use iftex instead.
)
\Gm@cnth=\count278
\Gm@cntv=\count279
\c@Gm@tempcnt=\count280
\Gm@bindingoffset=\dimen152
\Gm@wd@mp=\dimen153
\Gm@odd@mp=\dimen154
\Gm@even@mp=\dimen155
\Gm@layoutwidth=\dimen156
\Gm@layoutheight=\dimen157
\Gm@layouthoffset=\dimen158
\Gm@layoutvoffset=\dimen159
\Gm@dimlist=\toks24
)
(/Users/arthur/Library/TinyTeX/texmf-dist/tex/latex/graphics/graphicx.sty
Package: graphicx 2020/12/05 v1.2c Enhanced LaTeX Graphics (DPC,SPQR)

(/Users/arthur/Library/TinyTeX/texmf-dist/tex/latex/graphics/graphics.sty
Package: graphics 2021/03/04 v1.4d Standard LaTeX Graphics (DPC,SPQR)

(/Users/arthur/Library/TinyTeX/texmf-dist/tex/latex/graphics/trig.sty
Package: trig 2016/01/03 v1.10 sin cos tan (DPC)
)
(/Users/arthur/Library/TinyTeX/texmf-dist/tex/latex/graphics-cfg/graphics.cfg
File: graphics.cfg 2016/06/04 v1.11 sample graphics configuration
)
Package graphics Info: Driver file: pdftex.def on input line 107.
)
\Gin@req@height=\dimen160
\Gin@req@width=\dimen161
)
(/Users/arthur/Library/TinyTeX/texmf-dist/tex/latex/pgf/frontendlayer/tikz.sty
(/Users/arthur/Library/TinyTeX/texmf-dist/tex/latex/pgf/basiclayer/pgf.sty
(/Users/arthur/Library/TinyTeX/texmf-dist/tex/latex/pgf/utilities/pgfrcs.sty
(/Users/arthur/Library/TinyTeX/texmf-dist/tex/generic/pgf/utilities/pgfutil-com
mon.tex
\pgfutil@everybye=\toks25
\pgfutil@tempdima=\dimen162
\pgfutil@tempdimb=\dimen163

(/Users/arthur/Library/TinyTeX/texmf-dist/tex/generic/pgf/utilities/pgfutil-com
mon-lists.tex))
(/Users/arthur/Library/TinyTeX/texmf-dist/tex/generic/pgf/utilities/pgfutil-lat
ex.def
\pgfutil@abb=\box52
)
(/Users/arthur/Library/TinyTeX/texmf-dist/tex/generic/pgf/utilities/pgfrcs.code
.tex (/Users/arthur/Library/TinyTeX/texmf-dist/tex/generic/pgf/pgf.revision.tex
)
Package: pgfrcs 2021/05/15 v3.1.9a (3.1.9a)
))
Package: pgf 2021/05/15 v3.1.9a (3.1.9a)

(/Users/arthur/Library/TinyTeX/texmf-dist/tex/latex/pgf/basiclayer/pgfcore.sty
(/Users/arthur/Library/TinyTeX/texmf-dist/tex/latex/pgf/systemlayer/pgfsys.sty
(/Users/arthur/Library/TinyTeX/texmf-dist/tex/generic/pgf/systemlayer/pgfsys.co
de.tex
Package: pgfsys 2021/05/15 v3.1.9a (3.1.9a)

(/Users/arthur/Library/TinyTeX/texmf-dist/tex/generic/pgf/utilities/pgfkeys.cod
e.tex
\pgfkeys@pathtoks=\toks26
\pgfkeys@temptoks=\toks27

(/Users/arthur/Library/TinyTeX/texmf-dist/tex/generic/pgf/utilities/pgfkeysfilt
ered.code.tex
\pgfkeys@tmptoks=\toks28
))
\pgf@x=\dimen164
\pgf@y=\dimen165
\pgf@xa=\dimen166
\pgf@ya=\dimen167
\pgf@xb=\dimen168
\pgf@yb=\dimen169
\pgf@xc=\dimen170
\pgf@yc=\dimen171
\pgf@xd=\dimen172
\pgf@yd=\dimen173
\w@pgf@writea=\write3
\r@pgf@reada=\read2
\c@pgf@counta=\count281
\c@pgf@countb=\count282
\c@pgf@countc=\count283
\c@pgf@countd=\count284
\t@pgf@toka=\toks29
\t@pgf@tokb=\toks30
\t@pgf@tokc=\toks31
\pgf@sys@id@count=\count285

(/Users/arthur/Library/TinyTeX/texmf-dist/tex/generic/pgf/systemlayer/pgf.cfg
File: pgf.cfg 2021/05/15 v3.1.9a (3.1.9a)
)
Driver file for pgf: pgfsys-pdftex.def

(/Users/arthur/Library/TinyTeX/texmf-dist/tex/generic/pgf/systemlayer/pgfsys-pd
ftex.def
File: pgfsys-pdftex.def 2021/05/15 v3.1.9a (3.1.9a)

(/Users/arthur/Library/TinyTeX/texmf-dist/tex/generic/pgf/systemlayer/pgfsys-co
mmon-pdf.def
File: pgfsys-common-pdf.def 2021/05/15 v3.1.9a (3.1.9a)
)))
(/Users/arthur/Library/TinyTeX/texmf-dist/tex/generic/pgf/systemlayer/pgfsyssof
tpath.code.tex
File: pgfsyssoftpath.code.tex 2021/05/15 v3.1.9a (3.1.9a)
\pgfsyssoftpath@smallbuffer@items=\count286
\pgfsyssoftpath@bigbuffer@items=\count287
)
(/Users/arthur/Library/TinyTeX/texmf-dist/tex/generic/pgf/systemlayer/pgfsyspro
tocol.code.tex
File: pgfsysprotocol.code.tex 2021/05/15 v3.1.9a (3.1.9a)
))
(/Users/arthur/Library/TinyTeX/texmf-dist/tex/generic/pgf/basiclayer/pgfcore.co
de.tex
Package: pgfcore 2021/05/15 v3.1.9a (3.1.9a)

(/Users/arthur/Library/TinyTeX/texmf-dist/tex/generic/pgf/math/pgfmath.code.tex

(/Users/arthur/Library/TinyTeX/texmf-dist/tex/generic/pgf/math/pgfmathcalc.code
.tex
(/Users/arthur/Library/TinyTeX/texmf-dist/tex/generic/pgf/math/pgfmathutil.code
.tex)
(/Users/arthur/Library/TinyTeX/texmf-dist/tex/generic/pgf/math/pgfmathparser.co
de.tex
\pgfmath@dimen=\dimen174
\pgfmath@count=\count288
\pgfmath@box=\box53
\pgfmath@toks=\toks32
\pgfmath@stack@operand=\toks33
\pgfmath@stack@operation=\toks34
)
(/Users/arthur/Library/TinyTeX/texmf-dist/tex/generic/pgf/math/pgfmathfunctions
.code.tex
(/Users/arthur/Library/TinyTeX/texmf-dist/tex/generic/pgf/math/pgfmathfunctions
.basic.code.tex)
(/Users/arthur/Library/TinyTeX/texmf-dist/tex/generic/pgf/math/pgfmathfunctions
.trigonometric.code.tex)
(/Users/arthur/Library/TinyTeX/texmf-dist/tex/generic/pgf/math/pgfmathfunctions
.random.code.tex)
(/Users/arthur/Library/TinyTeX/texmf-dist/tex/generic/pgf/math/pgfmathfunctions
.comparison.code.tex)
(/Users/arthur/Library/TinyTeX/texmf-dist/tex/generic/pgf/math/pgfmathfunctions
.base.code.tex)
(/Users/arthur/Library/TinyTeX/texmf-dist/tex/generic/pgf/math/pgfmathfunctions
.round.code.tex)
(/Users/arthur/Library/TinyTeX/texmf-dist/tex/generic/pgf/math/pgfmathfunctions
.misc.code.tex)
(/Users/arthur/Library/TinyTeX/texmf-dist/tex/generic/pgf/math/pgfmathfunctions
.integerarithmetics.code.tex)))
(/Users/arthur/Library/TinyTeX/texmf-dist/tex/generic/pgf/math/pgfmathfloat.cod
e.tex
\c@pgfmathroundto@lastzeros=\count289
))
(/Users/arthur/Library/TinyTeX/texmf-dist/tex/generic/pgf/math/pgfint.code.tex)

(/Users/arthur/Library/TinyTeX/texmf-dist/tex/generic/pgf/basiclayer/pgfcorepoi
nts.code.tex
File: pgfcorepoints.code.tex 2021/05/15 v3.1.9a (3.1.9a)
\pgf@picminx=\dimen175
\pgf@picmaxx=\dimen176
\pgf@picminy=\dimen177
\pgf@picmaxy=\dimen178
\pgf@pathminx=\dimen179
\pgf@pathmaxx=\dimen180
\pgf@pathminy=\dimen181
\pgf@pathmaxy=\dimen182
\pgf@xx=\dimen183
\pgf@xy=\dimen184
\pgf@yx=\dimen185
\pgf@yy=\dimen186
\pgf@zx=\dimen187
\pgf@zy=\dimen188
)
(/Users/arthur/Library/TinyTeX/texmf-dist/tex/generic/pgf/basiclayer/pgfcorepat
hconstruct.code.tex
File: pgfcorepathconstruct.code.tex 2021/05/15 v3.1.9a (3.1.9a)
\pgf@path@lastx=\dimen189
\pgf@path@lasty=\dimen190
)
(/Users/arthur/Library/TinyTeX/texmf-dist/tex/generic/pgf/basiclayer/pgfcorepat
husage.code.tex
File: pgfcorepathusage.code.tex 2021/05/15 v3.1.9a (3.1.9a)
\pgf@shorten@end@additional=\dimen191
\pgf@shorten@start@additional=\dimen192
)
(/Users/arthur/Library/TinyTeX/texmf-dist/tex/generic/pgf/basiclayer/pgfcoresco
pes.code.tex
File: pgfcorescopes.code.tex 2021/05/15 v3.1.9a (3.1.9a)
\pgfpic=\box54
\pgf@hbox=\box55
\pgf@layerbox@main=\box56
\pgf@picture@serial@count=\count290
)
(/Users/arthur/Library/TinyTeX/texmf-dist/tex/generic/pgf/basiclayer/pgfcoregra
phicstate.code.tex
File: pgfcoregraphicstate.code.tex 2021/05/15 v3.1.9a (3.1.9a)
\pgflinewidth=\dimen193
)
(/Users/arthur/Library/TinyTeX/texmf-dist/tex/generic/pgf/basiclayer/pgfcoretra
nsformations.code.tex
File: pgfcoretransformations.code.tex 2021/05/15 v3.1.9a (3.1.9a)
\pgf@pt@x=\dimen194
\pgf@pt@y=\dimen195
\pgf@pt@temp=\dimen196
)
(/Users/arthur/Library/TinyTeX/texmf-dist/tex/generic/pgf/basiclayer/pgfcorequi
ck.code.tex
File: pgfcorequick.code.tex 2021/05/15 v3.1.9a (3.1.9a)
)
(/Users/arthur/Library/TinyTeX/texmf-dist/tex/generic/pgf/basiclayer/pgfcoreobj
ects.code.tex
File: pgfcoreobjects.code.tex 2021/05/15 v3.1.9a (3.1.9a)
)
(/Users/arthur/Library/TinyTeX/texmf-dist/tex/generic/pgf/basiclayer/pgfcorepat
hprocessing.code.tex
File: pgfcorepathprocessing.code.tex 2021/05/15 v3.1.9a (3.1.9a)
)
(/Users/arthur/Library/TinyTeX/texmf-dist/tex/generic/pgf/basiclayer/pgfcorearr
ows.code.tex
File: pgfcorearrows.code.tex 2021/05/15 v3.1.9a (3.1.9a)
\pgfarrowsep=\dimen197
)
(/Users/arthur/Library/TinyTeX/texmf-dist/tex/generic/pgf/basiclayer/pgfcoresha
de.code.tex
File: pgfcoreshade.code.tex 2021/05/15 v3.1.9a (3.1.9a)
\pgf@max=\dimen198
\pgf@sys@shading@range@num=\count291
\pgf@shadingcount=\count292
)
(/Users/arthur/Library/TinyTeX/texmf-dist/tex/generic/pgf/basiclayer/pgfcoreima
ge.code.tex
File: pgfcoreimage.code.tex 2021/05/15 v3.1.9a (3.1.9a)

(/Users/arthur/Library/TinyTeX/texmf-dist/tex/generic/pgf/basiclayer/pgfcoreext
ernal.code.tex
File: pgfcoreexternal.code.tex 2021/05/15 v3.1.9a (3.1.9a)
\pgfexternal@startupbox=\box57
))
(/Users/arthur/Library/TinyTeX/texmf-dist/tex/generic/pgf/basiclayer/pgfcorelay
ers.code.tex
File: pgfcorelayers.code.tex 2021/05/15 v3.1.9a (3.1.9a)
)
(/Users/arthur/Library/TinyTeX/texmf-dist/tex/generic/pgf/basiclayer/pgfcoretra
nsparency.code.tex
File: pgfcoretransparency.code.tex 2021/05/15 v3.1.9a (3.1.9a)
)
(/Users/arthur/Library/TinyTeX/texmf-dist/tex/generic/pgf/basiclayer/pgfcorepat
terns.code.tex
File: pgfcorepatterns.code.tex 2021/05/15 v3.1.9a (3.1.9a)
)
(/Users/arthur/Library/TinyTeX/texmf-dist/tex/generic/pgf/basiclayer/pgfcorerdf
.code.tex
File: pgfcorerdf.code.tex 2021/05/15 v3.1.9a (3.1.9a)
)))
(/Users/arthur/Library/TinyTeX/texmf-dist/tex/generic/pgf/modules/pgfmoduleshap
es.code.tex
File: pgfmoduleshapes.code.tex 2021/05/15 v3.1.9a (3.1.9a)
\pgfnodeparttextbox=\box58
)
(/Users/arthur/Library/TinyTeX/texmf-dist/tex/generic/pgf/modules/pgfmoduleplot
.code.tex
File: pgfmoduleplot.code.tex 2021/05/15 v3.1.9a (3.1.9a)
)
(/Users/arthur/Library/TinyTeX/texmf-dist/tex/latex/pgf/compatibility/pgfcomp-v
ersion-0-65.sty
Package: pgfcomp-version-0-65 2021/05/15 v3.1.9a (3.1.9a)
\pgf@nodesepstart=\dimen199
\pgf@nodesepend=\dimen256
)
(/Users/arthur/Library/TinyTeX/texmf-dist/tex/latex/pgf/compatibility/pgfcomp-v
ersion-1-18.sty
Package: pgfcomp-version-1-18 2021/05/15 v3.1.9a (3.1.9a)
))
(/Users/arthur/Library/TinyTeX/texmf-dist/tex/latex/pgf/utilities/pgffor.sty
(/Users/arthur/Library/TinyTeX/texmf-dist/tex/latex/pgf/utilities/pgfkeys.sty
(/Users/arthur/Library/TinyTeX/texmf-dist/tex/generic/pgf/utilities/pgfkeys.cod
e.tex))
(/Users/arthur/Library/TinyTeX/texmf-dist/tex/latex/pgf/math/pgfmath.sty
(/Users/arthur/Library/TinyTeX/texmf-dist/tex/generic/pgf/math/pgfmath.code.tex
))
(/Users/arthur/Library/TinyTeX/texmf-dist/tex/generic/pgf/utilities/pgffor.code
.tex
Package: pgffor 2021/05/15 v3.1.9a (3.1.9a)

(/Users/arthur/Library/TinyTeX/texmf-dist/tex/generic/pgf/math/pgfmath.code.tex
)
\pgffor@iter=\dimen257
\pgffor@skip=\dimen258
\pgffor@stack=\toks35
\pgffor@toks=\toks36
))
(/Users/arthur/Library/TinyTeX/texmf-dist/tex/generic/pgf/frontendlayer/tikz/ti
kz.code.tex
Package: tikz 2021/05/15 v3.1.9a (3.1.9a)

(/Users/arthur/Library/TinyTeX/texmf-dist/tex/generic/pgf/libraries/pgflibraryp
lothandlers.code.tex
File: pgflibraryplothandlers.code.tex 2021/05/15 v3.1.9a (3.1.9a)
\pgf@plot@mark@count=\count293
\pgfplotmarksize=\dimen259
)
\tikz@lastx=\dimen260
\tikz@lasty=\dimen261
\tikz@lastxsaved=\dimen262
\tikz@lastysaved=\dimen263
\tikz@lastmovetox=\dimen264
\tikz@lastmovetoy=\dimen265
\tikzleveldistance=\dimen266
\tikzsiblingdistance=\dimen267
\tikz@figbox=\box59
\tikz@figbox@bg=\box60
\tikz@tempbox=\box61
\tikz@tempbox@bg=\box62
\tikztreelevel=\count294
\tikznumberofchildren=\count295
\tikznumberofcurrentchild=\count296
\tikz@fig@count=\count297

(/Users/arthur/Library/TinyTeX/texmf-dist/tex/generic/pgf/modules/pgfmodulematr
ix.code.tex
File: pgfmodulematrix.code.tex 2021/05/15 v3.1.9a (3.1.9a)
\pgfmatrixcurrentrow=\count298
\pgfmatrixcurrentcolumn=\count299
\pgf@matrix@numberofcolumns=\count300
)
\tikz@expandcount=\count301

(/Users/arthur/Library/TinyTeX/texmf-dist/tex/generic/pgf/frontendlayer/tikz/li
braries/tikzlibrarytopaths.code.tex
File: tikzlibrarytopaths.code.tex 2021/05/15 v3.1.9a (3.1.9a)
)))
(/Users/arthur/Library/TinyTeX/texmf-dist/tex/latex/booktabs/booktabs.sty
Package: booktabs 2020/01/12 v1.61803398 Publication quality tables
\heavyrulewidth=\dimen268
\lightrulewidth=\dimen269
\cmidrulewidth=\dimen270
\belowrulesep=\dimen271
\belowbottomsep=\dimen272
\aboverulesep=\dimen273
\abovetopsep=\dimen274
\cmidrulesep=\dimen275
\cmidrulekern=\dimen276
\defaultaddspace=\dimen277
\@cmidla=\count302
\@cmidlb=\count303
\@aboverulesep=\dimen278
\@belowrulesep=\dimen279
\@thisruleclass=\count304
\@lastruleclass=\count305
\@thisrulewidth=\dimen280
)
(/Users/arthur/Library/TinyTeX/texmf-dist/tex/latex/tools/longtable.sty
Package: longtable 2021-05-07 v4.16 Multi-page Table package (DPC)
\LTleft=\skip53
\LTright=\skip54
\LTpre=\skip55
\LTpost=\skip56
\LTchunksize=\count306
\LTcapwidth=\dimen281
\LT@head=\box63
\LT@firsthead=\box64
\LT@foot=\box65
\LT@lastfoot=\box66
\LT@gbox=\box67
\LT@cols=\count307
\LT@rows=\count308
\c@LT@tables=\count309
\c@LT@chunks=\count310
\LT@p@ftn=\toks37
)
(/Users/arthur/Library/TinyTeX/texmf-dist/tex/latex/tools/array.sty
Package: array 2021/04/20 v2.5e Tabular extension package (FMi)
\col@sep=\dimen282
\ar@mcellbox=\box68
\extrarowheight=\dimen283
\NC@list=\toks38
\extratabsurround=\skip57
\backup@length=\skip58
\ar@cellbox=\box69
)
(/Users/arthur/Library/TinyTeX/texmf-dist/tex/latex/multirow/multirow.sty
Package: multirow 2021/03/15 v2.8 Span multiple rows of a table
\multirow@colwidth=\skip59
\multirow@cntb=\count311
\multirow@dima=\skip60
\bigstrutjot=\dimen284
)
(/Users/arthur/Library/TinyTeX/texmf-dist/tex/latex/wrapfig/wrapfig.sty
\wrapoverhang=\dimen285
\WF@size=\dimen286
\c@WF@wrappedlines=\count312
\WF@box=\box70
\WF@everypar=\toks39
Package: wrapfig 2003/01/31  v 3.6
)
(/Users/arthur/Library/TinyTeX/texmf-dist/tex/latex/float/float.sty
Package: float 2001/11/08 v1.3d Float enhancements (AL)
\c@float@type=\count313
\float@exts=\toks40
\float@box=\box71
\@float@everytoks=\toks41
\@floatcapt=\box72
)
(/Users/arthur/Library/TinyTeX/texmf-dist/tex/latex/colortbl/colortbl.sty
Package: colortbl 2020/01/04 v1.0e Color table columns (DPC)
\everycr=\toks42
\minrowclearance=\skip61
)
(/Users/arthur/Library/TinyTeX/texmf-dist/tex/latex/pdflscape/pdflscape.sty
Package: pdflscape 2019/12/05 v0.12 Display of landscape pages in PDF (HO)

(/Users/arthur/Library/TinyTeX/texmf-dist/tex/latex/graphics/lscape.sty
Package: lscape 2020/05/28 v3.02 Landscape Pages (DPC)
)
Package pdflscape Info: Auto-detected driver: pdftex on input line 81.
)
(/Users/arthur/Library/TinyTeX/texmf-dist/tex/latex/tabu/tabu.sty
Package: tabu 2019/01/11 v2.9 - flexible LaTeX tabulars (FC+tabu-fixed)

(/Users/arthur/Library/TinyTeX/texmf-dist/tex/latex/varwidth/varwidth.sty
Package: varwidth 2009/03/30 ver 0.92;  Variable-width minipages
\@vwid@box=\box73
\sift@deathcycles=\count314
\@vwid@loff=\dimen287
\@vwid@roff=\dimen288
)
\c@taburow=\count315
\tabu@nbcols=\count316
\tabu@cnt=\count317
\tabu@Xcol=\count318
\tabu@alloc=\count319
\tabu@nested=\count320
\tabu@target=\dimen289
\tabu@spreadtarget=\dimen290
\tabu@naturalX=\dimen291
\tabucolX=\dimen292
\tabu@Xsum=\dimen293
\extrarowdepth=\dimen294
\abovetabulinesep=\dimen295
\belowtabulinesep=\dimen296
\tabustrutrule=\dimen297
\tabu@thebody=\toks43
\tabu@footnotes=\toks44
\tabu@box=\box74
\tabu@arstrutbox=\box75
\tabu@hleads=\box76
\tabu@vleads=\box77
\tabu@cellskip=\skip62
)
(/Users/arthur/Library/TinyTeX/texmf-dist/tex/latex/threeparttable/threeparttab
le.sty
Package: threeparttable 2003/06/13  v 3.0
\@tempboxb=\box78
)
(/Users/arthur/Library/TinyTeX/texmf-dist/tex/latex/threeparttablex/threepartta
blex.sty
Package: threeparttablex 2013/07/23 v0.3 by daleif

(/Users/arthur/Library/TinyTeX/texmf-dist/tex/latex/environ/environ.sty
Package: environ 2014/05/04 v0.3 A new way to define environments

(/Users/arthur/Library/TinyTeX/texmf-dist/tex/latex/trimspaces/trimspaces.sty
Package: trimspaces 2009/09/17 v1.1 Trim spaces around a token list
))
\TPTL@width=\skip63
) (/Users/arthur/Library/TinyTeX/texmf-dist/tex/generic/ulem/ulem.sty
\UL@box=\box79
\UL@hyphenbox=\box80
\UL@skip=\skip64
\UL@hook=\toks45
\UL@height=\dimen298
\UL@pe=\count321
\UL@pixel=\dimen299
\ULC@box=\box81
Package: ulem 2019/11/18
\ULdepth=\dimen300
)
(/Users/arthur/Library/TinyTeX/texmf-dist/tex/latex/makecell/makecell.sty
Package: makecell 2009/08/03 V0.1e Managing of Tab Column Heads and Cells
\rotheadsize=\dimen301
\c@nlinenum=\count322
\TeXr@lab=\toks46
)
(/Users/arthur/Library/TinyTeX/texmf-dist/tex/latex/l3backend/l3backend-pdftex.
def
File: l3backend-pdftex.def 2021-05-07 L3 backend support: PDF output (pdfTeX)
\l__color_backend_stack_int=\count323
\l__pdf_internal_box=\box82
) (./supplementary.aux)
\openout1 = `supplementary.aux'.

LaTeX Font Info:    Checking defaults for OML/cmm/m/it on input line 87.
LaTeX Font Info:    ... okay on input line 87.
LaTeX Font Info:    Checking defaults for OMS/cmsy/m/n on input line 87.
LaTeX Font Info:    ... okay on input line 87.
LaTeX Font Info:    Checking defaults for OT1/cmr/m/n on input line 87.
LaTeX Font Info:    ... okay on input line 87.
LaTeX Font Info:    Checking defaults for T1/cmr/m/n on input line 87.
LaTeX Font Info:    ... okay on input line 87.
LaTeX Font Info:    Checking defaults for TS1/cmr/m/n on input line 87.
LaTeX Font Info:    ... okay on input line 87.
LaTeX Font Info:    Checking defaults for OMX/cmex/m/n on input line 87.
LaTeX Font Info:    ... okay on input line 87.
LaTeX Font Info:    Checking defaults for U/cmr/m/n on input line 87.
LaTeX Font Info:    ... okay on input line 87.
LaTeX Font Info:    Checking defaults for PD1/pdf/m/n on input line 87.
LaTeX Font Info:    ... okay on input line 87.
LaTeX Font Info:    Checking defaults for PU/pdf/m/n on input line 87.
LaTeX Font Info:    ... okay on input line 87.

(/Users/arthur/Library/TinyTeX/texmf-dist/tex/latex/epstopdf-pkg/epstopdf-base.
sty
Package: epstopdf-base 2020-01-24 v2.11 Base part for package epstopdf
Package epstopdf-base Info: Redefining graphics rule for `.eps' on input line 4
85.

(/Users/arthur/Library/TinyTeX/texmf-dist/tex/latex/latexconfig/epstopdf-sys.cf
g
File: epstopdf-sys.cfg 2010/07/13 v1.3 Configuration of (r)epstopdf for TeX Liv
e
))
Package hyperref Info: Link coloring OFF on input line 87.
 (/Users/arthur/Library/TinyTeX/texmf-dist/tex/latex/hyperref/nameref.sty
Package: nameref 2021-04-02 v2.47 Cross-referencing by name of section

(/Users/arthur/Library/TinyTeX/texmf-dist/tex/latex/refcount/refcount.sty
Package: refcount 2019/12/15 v3.6 Data extraction from label references (HO)
)
(/Users/arthur/Library/TinyTeX/texmf-dist/tex/generic/gettitlestring/gettitlest
ring.sty
Package: gettitlestring 2019/12/15 v1.6 Cleanup title references (HO)
)
\c@section@level=\count324
)
LaTeX Info: Redefining \ref on input line 87.
LaTeX Info: Redefining \pageref on input line 87.
LaTeX Info: Redefining \nameref on input line 87.
 (./supplementary.out) (./supplementary.out)
\@outlinefile=\write4
\openout4 = `supplementary.out'.


*geometry* driver: auto-detecting
*geometry* detected driver: pdftex
*geometry* verbose mode - [ preamble ] result:
* driver: pdftex
* paper: <default>
* layout: <same size as paper>
* layoutoffset:(h,v)=(0.0pt,0.0pt)
* modes: 
* h-part:(L,W,R)=(72.26999pt, 469.75502pt, 72.26999pt)
* v-part:(T,H,B)=(72.26999pt, 650.43001pt, 72.26999pt)
* \paperwidth=614.295pt
* \paperheight=794.96999pt
* \textwidth=469.75502pt
* \textheight=650.43001pt
* \oddsidemargin=0.0pt
* \evensidemargin=0.0pt
* \topmargin=-37.0pt
* \headheight=12.0pt
* \headsep=25.0pt
* \topskip=10.0pt
* \footskip=30.0pt
* \marginparwidth=65.0pt
* \marginparsep=11.0pt
* \columnsep=10.0pt
* \skip\footins=9.0pt plus 4.0pt minus 2.0pt
* \hoffset=0.0pt
* \voffset=0.0pt
* \mag=1000
* \@twocolumnfalse
* \@twosidefalse
* \@mparswitchfalse
* \@reversemarginfalse
* (1in=72.27pt=25.4mm, 1cm=28.453pt)

LaTeX Font Info:    Trying to load font information for OT1+lmr on input line 8
9.
(/Users/arthur/Library/TinyTeX/texmf-dist/tex/latex/lm/ot1lmr.fd
File: ot1lmr.fd 2015/05/01 v1.6.1 Font defs for Latin Modern
)
LaTeX Font Info:    Trying to load font information for OML+lmm on input line 8
9.

(/Users/arthur/Library/TinyTeX/texmf-dist/tex/latex/lm/omllmm.fd
File: omllmm.fd 2015/05/01 v1.6.1 Font defs for Latin Modern
)
LaTeX Font Info:    Trying to load font information for OMS+lmsy on input line 
89.

(/Users/arthur/Library/TinyTeX/texmf-dist/tex/latex/lm/omslmsy.fd
File: omslmsy.fd 2015/05/01 v1.6.1 Font defs for Latin Modern
)
LaTeX Font Info:    Trying to load font information for OMX+lmex on input line 
89.

(/Users/arthur/Library/TinyTeX/texmf-dist/tex/latex/lm/omxlmex.fd
File: omxlmex.fd 2015/05/01 v1.6.1 Font defs for Latin Modern
)
LaTeX Font Info:    External font `lmex10' loaded for size
(Font)              <12> on input line 89.
LaTeX Font Info:    External font `lmex10' loaded for size
(Font)              <8> on input line 89.
LaTeX Font Info:    External font `lmex10' loaded for size
(Font)              <6> on input line 89.
LaTeX Font Info:    Trying to load font information for U+msa on input line 89.


(/Users/arthur/Library/TinyTeX/texmf-dist/tex/latex/amsfonts/umsa.fd
File: umsa.fd 2013/01/14 v3.01 AMS symbols A
)
LaTeX Font Info:    Trying to load font information for U+msb on input line 89.


(/Users/arthur/Library/TinyTeX/texmf-dist/tex/latex/amsfonts/umsb.fd
File: umsb.fd 2013/01/14 v3.01 AMS symbols B
)
(./supplementary.toc
LaTeX Font Info:    External font `lmex10' loaded for size
(Font)              <10> on input line 4.
LaTeX Font Info:    External font `lmex10' loaded for size
(Font)              <7> on input line 4.
LaTeX Font Info:    External font `lmex10' loaded for size
(Font)              <5> on input line 4.
 [1

{/Users/arthur/Library/TinyTeX/texmf-var/fonts/map/pdftex/updmap/pdftex.map}])
\tf@toc=\write5
\openout5 = `supplementary.toc'.

<supplementary_files/figure-latex/unnamed-chunk-3-1.pdf, id=164, 487.8225pt x 4
70.75874pt>
File: supplementary_files/figure-latex/unnamed-chunk-3-1.pdf Graphic file (type
 pdf)
<use supplementary_files/figure-latex/unnamed-chunk-3-1.pdf>
Package pdftex.def Info: supplementary_files/figure-latex/unnamed-chunk-3-1.pdf
  used on input line 117.
(pdftex.def)             Requested size: 328.8268pt x 317.32463pt.
 [2 <./supplementary_files/figure-latex/unnamed-chunk-3-1.pdf>]
Overfull \hbox (25.56999pt too wide) in paragraph at lines 125--157
 [][] 
 []


LaTeX Warning: Float too large for page by 14.47682pt on input line 157.

[3pdfTeX warning (ext4): destination with the same identifier (name{table.1}) h
as been already used, duplicate ignored
<argument> ...shipout:D \box_use:N \l_shipout_box 
                                                  \__shipout_drop_firstpage_...
l.158 \end{landscape}
                     ]
Overfull \hbox (25.56999pt too wide) in paragraph at lines 164--192
 [][] 
 []

[4pdfTeX warning (ext4): destination with the same identifier (name{table.2}) h
as been already used, duplicate ignored
<argument> ...shipout:D \box_use:N \l_shipout_box 
                                                  \__shipout_drop_firstpage_...
l.193 \end{landscape}
                     ] [5pdfTeX warning (ext4): destination with the same ident
ifier (name{table.3}) has been already used, duplicate ignored
<argument> ...shipout:D \box_use:N \l_shipout_box 
                                                  \__shipout_drop_firstpage_...
l.218 \end{landscape}
                     ] [6pdfTeX warning (ext4): destination with the same ident
ifier (name{table.4}) has been already used, duplicate ignored
<argument> ...shipout:D \box_use:N \l_shipout_box 
                                                  \__shipout_drop_firstpage_...
l.245 \end{landscape}
                     ]
</Users/arthur/Coding/projects/tocilizumab_reanalysis/final_analyses/output/plo
ts/appendix/weight_remap_cap_corticosteroids.pdf, id=200, 794.97pt x 433.62pt>
File: /Users/arthur/Coding/projects/tocilizumab_reanalysis/final_analyses/outpu
t/plots/appendix/weight_remap_cap_corticosteroids.pdf Graphic file (type pdf)
<use /Users/arthur/Coding/projects/tocilizumab_reanalysis/final_analyses/output
/plots/appendix/weight_remap_cap_corticosteroids.pdf>
Package pdftex.def Info: /Users/arthur/Coding/projects/tocilizumab_reanalysis/f
inal_analyses/output/plots/appendix/weight_remap_cap_corticosteroids.pdf  used 
on input line 284.
(pdftex.def)             Requested size: 516.74864pt x 281.86288pt.

Overfull \hbox (46.99362pt too wide) in paragraph at lines 284--284
 [] 
 []

[7








 </Users/arthur/Coding/projects/tocilizumab_reanalysis/final_analyses/output/pl
ots/appendix/weight_remap_cap_corticosteroids.pdf>]
Overfull \hbox (6.41739pt too wide) in paragraph at lines 348--348
 []|\T1/lmr/m/n/10 Mortality| 
 []


Overfull \hbox (65.24498pt too wide) in paragraph at lines 344--402
 [][] 
 []

[8pdfTeX warning (ext4): destination with the same identifier (name{table.5}) h
as been already used, duplicate ignored
<argument> ...shipout:D \box_use:N \l_shipout_box 
                                                  \__shipout_drop_firstpage_...
l.404 \newpage
              ] [9pdfTeX warning (ext4): destination with the same identifier (
name{table.6}) has been already used, duplicate ignored
<argument> ...shipout:D \box_use:N \l_shipout_box 
                                                  \__shipout_drop_firstpage_...
l.404 \newpage
              ]
</Users/arthur/Coding/projects/tocilizumab_reanalysis/final_analyses/output/plo
ts/appendix/STable1_HDI_intervals_figure1.png, id=226, 963.6pt x 1618.045pt>
File: /Users/arthur/Coding/projects/tocilizumab_reanalysis/final_analyses/outpu
t/plots/appendix/STable1_HDI_intervals_figure1.png Graphic file (type png)
<use /Users/arthur/Coding/projects/tocilizumab_reanalysis/final_analyses/output
/plots/appendix/STable1_HDI_intervals_figure1.png>
Package pdftex.def Info: /Users/arthur/Coding/projects/tocilizumab_reanalysis/f
inal_analyses/output/plots/appendix/STable1_HDI_intervals_figure1.png  used on 
input line 416.
(pdftex.def)             Requested size: 281.84819pt x 473.2701pt.
 [10 </Users/arthur/Coding/projects/tocilizumab_reanalysis/final_analyses/outpu
t/plots/appendix/STable1_HDI_intervals_figure1.png>]
</Users/arthur/Coding/projects/tocilizumab_reanalysis/final_analyses/output/plo
ts/appendix/STable2_hdi_probabilities_figure2.png, id=236, 1551.7975pt x 666.49
pt>
File: /Users/arthur/Coding/projects/tocilizumab_reanalysis/final_analyses/outpu
t/plots/appendix/STable2_hdi_probabilities_figure2.png Graphic file (type png)
<use /Users/arthur/Coding/projects/tocilizumab_reanalysis/final_analyses/output
/plots/appendix/STable2_hdi_probabilities_figure2.png>
Package pdftex.def Info: /Users/arthur/Coding/projects/tocilizumab_reanalysis/f
inal_analyses/output/plots/appendix/STable2_hdi_probabilities_figure2.png  used
 on input line 430.
(pdftex.def)             Requested size: 422.7795pt x 181.58186pt.
 [11 </Users/arthur/Coding/projects/tocilizumab_reanalysis/final_analyses/outpu
t/plots/appendix/STable2_hdi_probabilities_figure2.png>]
</Users/arthur/Coding/projects/tocilizumab_reanalysis/final_analyses/output/plo
ts/appendix/SFigure1_priors_sensitivity.pdf, id=244, 867.24pt x 939.51pt>
File: /Users/arthur/Coding/projects/tocilizumab_reanalysis/final_analyses/outpu
t/plots/appendix/SFigure1_priors_sensitivity.pdf Graphic file (type pdf)
<use /Users/arthur/Coding/projects/tocilizumab_reanalysis/final_analyses/output
/plots/appendix/SFigure1_priors_sensitivity.pdf>
Package pdftex.def Info: /Users/arthur/Coding/projects/tocilizumab_reanalysis/f
inal_analyses/output/plots/appendix/SFigure1_priors_sensitivity.pdf  used on in
put line 444.
(pdftex.def)             Requested size: 446.26968pt x 483.45882pt.
</Users/arthur/Coding/projects/tocilizumab_reanalysis/final_analyses/output/plo
ts/appendix/STable3_hdi_figure3.png, id=245, 963.6pt x 2340.745pt>
File: /Users/arthur/Coding/projects/tocilizumab_reanalysis/final_analyses/outpu
t/plots/appendix/STable3_hdi_figure3.png Graphic file (type png)
<use /Users/arthur/Coding/projects/tocilizumab_reanalysis/final_analyses/output
/plots/appendix/STable3_hdi_figure3.png>
Package pdftex.def Info: /Users/arthur/Coding/projects/tocilizumab_reanalysis/f
inal_analyses/output/plots/appendix/STable3_hdi_figure3.png  used on input line
 461.
(pdftex.def)             Requested size: 234.87103pt x 570.54091pt.
 [12 </Users/arthur/Coding/projects/tocilizumab_reanalysis/final_analyses/outpu
t/plots/appendix/SFigure1_priors_sensitivity.pdf>]
</Users/arthur/Coding/projects/tocilizumab_reanalysis/final_analyses/output/plo
ts/appendix/STable4_probabilities_figure3.png, id=258, 1546.77875pt x 2340.745p
t>
File: /Users/arthur/Coding/projects/tocilizumab_reanalysis/final_analyses/outpu
t/plots/appendix/STable4_probabilities_figure3.png Graphic file (type png)
<use /Users/arthur/Coding/projects/tocilizumab_reanalysis/final_analyses/output
/plots/appendix/STable4_probabilities_figure3.png>
Package pdftex.def Info: /Users/arthur/Coding/projects/tocilizumab_reanalysis/f
inal_analyses/output/plots/appendix/STable4_probabilities_figure3.png  used on 
input line 470.
(pdftex.def)             Requested size: 375.78966pt x 568.68364pt.
 [13 </Users/arthur/Coding/projects/tocilizumab_reanalysis/final_analyses/outpu
t/plots/appendix/STable3_hdi_figure3.png>] [14 </Users/arthur/Coding/projects/t
ocilizumab_reanalysis/final_analyses/output/plots/appendix/STable4_probabilitie
s_figure3.png>]
</Users/arthur/Coding/projects/tocilizumab_reanalysis/final_analyses/output/plo
ts/appendix/SFigure2_varying_baseline_risk_difference.pdf, id=271, 722.7pt x 93
9.51pt>
File: /Users/arthur/Coding/projects/tocilizumab_reanalysis/final_analyses/outpu
t/plots/appendix/SFigure2_varying_baseline_risk_difference.pdf Graphic file (ty
pe pdf)
<use /Users/arthur/Coding/projects/tocilizumab_reanalysis/final_analyses/output
/plots/appendix/SFigure2_varying_baseline_risk_difference.pdf>
Package pdftex.def Info: /Users/arthur/Coding/projects/tocilizumab_reanalysis/f
inal_analyses/output/plots/appendix/SFigure2_varying_baseline_risk_difference.p
df  used on input line 484.
(pdftex.def)             Requested size: 328.82901pt x 427.47772pt.
 [15 </Users/arthur/Coding/projects/tocilizumab_reanalysis/final_analyses/outpu
t/plots/appendix/SFigure2_varying_baseline_risk_difference.pdf>]
</Users/arthur/Coding/projects/tocilizumab_reanalysis/final_analyses/output/plo
ts/appendix/STable5_discharge_table1.png, id=283, 1222.5675pt x 1401.235pt>
File: /Users/arthur/Coding/projects/tocilizumab_reanalysis/final_analyses/outpu
t/plots/appendix/STable5_discharge_table1.png Graphic file (type png)
<use /Users/arthur/Coding/projects/tocilizumab_reanalysis/final_analyses/output
/plots/appendix/STable5_discharge_table1.png>
Package pdftex.def Info: /Users/arthur/Coding/projects/tocilizumab_reanalysis/f
inal_analyses/output/plots/appendix/STable5_discharge_table1.png  used on input
 line 515.
(pdftex.def)             Requested size: 422.77495pt x 484.5598pt.
 [16 </Users/arthur/Coding/projects/tocilizumab_reanalysis/final_analyses/outpu
t/plots/appendix/STable5_discharge_table1.png>]
</Users/arthur/Coding/projects/tocilizumab_reanalysis/final_analyses/output/plo
ts/appendix/SFigure3_discharge_figure1.pdf, id=293, 722.7pt x 433.62pt>
File: /Users/arthur/Coding/projects/tocilizumab_reanalysis/final_analyses/outpu
t/plots/appendix/SFigure3_discharge_figure1.pdf Graphic file (type pdf)
<use /Users/arthur/Coding/projects/tocilizumab_reanalysis/final_analyses/output
/plots/appendix/SFigure3_discharge_figure1.pdf>
Package pdftex.def Info: /Users/arthur/Coding/projects/tocilizumab_reanalysis/f
inal_analyses/output/plots/appendix/SFigure3_discharge_figure1.pdf  used on inp
ut line 526.
(pdftex.def)             Requested size: 516.73761pt x 310.04257pt.

Overfull \hbox (46.98259pt too wide) in paragraph at lines 526--526
 [] 
 []

</Users/arthur/Coding/projects/tocilizumab_reanalysis/final_analyses/output/plo
ts/appendix/STable6_discharge_HDI_intervals_figureS3.png, id=294, 963.6pt x 161
8.045pt>
File: /Users/arthur/Coding/projects/tocilizumab_reanalysis/final_analyses/outpu
t/plots/appendix/STable6_discharge_HDI_intervals_figureS3.png Graphic file (typ
e png)
<use /Users/arthur/Coding/projects/tocilizumab_reanalysis/final_analyses/output
/plots/appendix/STable6_discharge_HDI_intervals_figureS3.png>
Package pdftex.def Info: /Users/arthur/Coding/projects/tocilizumab_reanalysis/f
inal_analyses/output/plots/appendix/STable6_discharge_HDI_intervals_figureS3.pn
g  used on input line 534.
(pdftex.def)             Requested size: 281.84819pt x 473.2701pt.
[17 </Users/arthur/Coding/projects/tocilizumab_reanalysis/final_analyses/output
/plots/appendix/SFigure3_discharge_figure1.pdf>] [18 </Users/arthur/Coding/proj
ects/tocilizumab_reanalysis/final_analyses/output/plots/appendix/STable6_discha
rge_HDI_intervals_figureS3.png>]
</Users/arthur/Coding/projects/tocilizumab_reanalysis/final_analyses/output/plo
ts/appendix/SFigure4_discharge_figure2.pdf, id=312, 722.7pt x 614.295pt>
File: /Users/arthur/Coding/projects/tocilizumab_reanalysis/final_analyses/outpu
t/plots/appendix/SFigure4_discharge_figure2.pdf Graphic file (type pdf)
<use /Users/arthur/Coding/projects/tocilizumab_reanalysis/final_analyses/output
/plots/appendix/SFigure4_discharge_figure2.pdf>
Package pdftex.def Info: /Users/arthur/Coding/projects/tocilizumab_reanalysis/f
inal_analyses/output/plots/appendix/SFigure4_discharge_figure2.pdf  used on inp
ut line 549.
(pdftex.def)             Requested size: 469.76045pt x 399.29639pt.
 [19 </Users/arthur/Coding/projects/tocilizumab_reanalysis/final_analyses/outpu
t/plots/appendix/SFigure4_discharge_figure2.pdf>]
</Users/arthur/Coding/projects/tocilizumab_reanalysis/final_analyses/output/plo
ts/appendix/SFigure5_discharge_priors_sensitivity.pdf, id=335, 867.24pt x 939.5
1pt>
File: /Users/arthur/Coding/projects/tocilizumab_reanalysis/final_analyses/outpu
t/plots/appendix/SFigure5_discharge_priors_sensitivity.pdf Graphic file (type p
df)
<use /Users/arthur/Coding/projects/tocilizumab_reanalysis/final_analyses/output
/plots/appendix/SFigure5_discharge_priors_sensitivity.pdf>
Package pdftex.def Info: /Users/arthur/Coding/projects/tocilizumab_reanalysis/f
inal_analyses/output/plots/appendix/SFigure5_discharge_priors_sensitivity.pdf  
used on input line 566.
(pdftex.def)             Requested size: 446.26968pt x 483.45882pt.
 [20 </Users/arthur/Coding/projects/tocilizumab_reanalysis/final_analyses/outpu
t/plots/appendix/SFigure5_discharge_priors_sensitivity.pdf>]
</Users/arthur/Coding/projects/tocilizumab_reanalysis/final_analyses/output/plo
ts/appendix/SFigure6_discharge_figure3.pdf, id=347, 1011.78pt x 578.16pt>
File: /Users/arthur/Coding/projects/tocilizumab_reanalysis/final_analyses/outpu
t/plots/appendix/SFigure6_discharge_figure3.pdf Graphic file (type pdf)
<use /Users/arthur/Coding/projects/tocilizumab_reanalysis/final_analyses/output
/plots/appendix/SFigure6_discharge_figure3.pdf>
Package pdftex.def Info: /Users/arthur/Coding/projects/tocilizumab_reanalysis/f
inal_analyses/output/plots/appendix/SFigure6_discharge_figure3.pdf  used on inp
ut line 585.
(pdftex.def)             Requested size: 516.74202pt x 295.28114pt.

Overfull \hbox (46.987pt too wide) in paragraph at lines 585--585
 [] 
 []

[21 </Users/arthur/Coding/projects/tocilizumab_reanalysis/final_analyses/output
/plots/appendix/SFigure6_discharge_figure3.pdf>]
</Users/arthur/Coding/projects/tocilizumab_reanalysis/final_analyses/output/plo
ts/appendix/STable7_discharge_hdi_figure3.png, id=358, 963.6pt x 2340.745pt>
File: /Users/arthur/Coding/projects/tocilizumab_reanalysis/final_analyses/outpu
t/plots/appendix/STable7_discharge_hdi_figure3.png Graphic file (type png)
<use /Users/arthur/Coding/projects/tocilizumab_reanalysis/final_analyses/output
/plots/appendix/STable7_discharge_hdi_figure3.png>
Package pdftex.def Info: /Users/arthur/Coding/projects/tocilizumab_reanalysis/f
inal_analyses/output/plots/appendix/STable7_discharge_hdi_figure3.png  used on 
input line 598.
(pdftex.def)             Requested size: 234.87103pt x 570.54091pt.
 [22 </Users/arthur/Coding/projects/tocilizumab_reanalysis/final_analyses/outpu
t/plots/appendix/STable7_discharge_hdi_figure3.png>]
</Users/arthur/Coding/projects/tocilizumab_reanalysis/final_analyses/output/plo
ts/appendix/STable8_discharge_probabilities_figure3.png, id=365, 1546.77875pt x
 2340.745pt>
File: /Users/arthur/Coding/projects/tocilizumab_reanalysis/final_analyses/outpu
t/plots/appendix/STable8_discharge_probabilities_figure3.png Graphic file (type
 png)
<use /Users/arthur/Coding/projects/tocilizumab_reanalysis/final_analyses/output
/plots/appendix/STable8_discharge_probabilities_figure3.png>
Package pdftex.def Info: /Users/arthur/Coding/projects/tocilizumab_reanalysis/f
inal_analyses/output/plots/appendix/STable8_discharge_probabilities_figure3.png
  used on input line 609.
(pdftex.def)             Requested size: 375.78966pt x 568.68364pt.
 [23 </Users/arthur/Coding/projects/tocilizumab_reanalysis/final_analyses/outpu
t/plots/appendix/STable8_discharge_probabilities_figure3.png>]
</Users/arthur/Coding/projects/tocilizumab_reanalysis/final_analyses/output/plo
ts/appendix/SFigure7_discharge_varying_baseline_risk_difference.pdf, id=372, 72
2.7pt x 939.51pt>
File: /Users/arthur/Coding/projects/tocilizumab_reanalysis/final_analyses/outpu
t/plots/appendix/SFigure7_discharge_varying_baseline_risk_difference.pdf Graphi
c file (type pdf)
<use /Users/arthur/Coding/projects/tocilizumab_reanalysis/final_analyses/output
/plots/appendix/SFigure7_discharge_varying_baseline_risk_difference.pdf>
Package pdftex.def Info: /Users/arthur/Coding/projects/tocilizumab_reanalysis/f
inal_analyses/output/plots/appendix/SFigure7_discharge_varying_baseline_risk_di
fference.pdf  used on input line 623.
(pdftex.def)             Requested size: 328.82901pt x 427.47772pt.
 [24 </Users/arthur/Coding/projects/tocilizumab_reanalysis/final_analyses/outpu
t/plots/appendix/SFigure7_discharge_varying_baseline_risk_difference.pdf>]
</Users/arthur/Coding/projects/tocilizumab_reanalysis/final_analyses/output/plo
ts/appendix/SFigure8_discharge_figure4.pdf, id=384, 722.7pt x 722.7pt>
File: /Users/arthur/Coding/projects/tocilizumab_reanalysis/final_analyses/outpu
t/plots/appendix/SFigure8_discharge_figure4.pdf Graphic file (type pdf)
<use /Users/arthur/Coding/projects/tocilizumab_reanalysis/final_analyses/output
/plots/appendix/SFigure8_discharge_figure4.pdf>
Package pdftex.def Info: /Users/arthur/Coding/projects/tocilizumab_reanalysis/f
inal_analyses/output/plots/appendix/SFigure8_discharge_figure4.pdf  used on inp
ut line 646.
(pdftex.def)             Requested size: 469.76045pt x 469.76045pt.

[25 </Users/arthur/Coding/projects/tocilizumab_reanalysis/final_analyses/output
/plots/appendix/SFigure8_discharge_figure4.pdf>] (./supplementary.aux)
Package rerunfilecheck Info: File `supplementary.out' has not changed.
(rerunfilecheck)             Checksum: 8C12A13DB2A5E88538E8407741CE383E;6416.
 ) 
Here is how much of TeX's memory you used:
 21794 strings out of 480517
 410412 string characters out of 5899354
 728095 words of memory out of 5000000
 38914 multiletter control sequences out of 15000+600000
 448821 words of font info for 66 fonts, out of 8000000 for 9000
 14 hyphenation exceptions out of 8191
 84i,12n,83p,506b,632s stack positions out of 5000i,500n,10000p,200000b,80000s
{/Users/arthur/Library/TinyTeX/texmf-dist/fonts/enc/dvips/lm/lm-ec.enc}</User
s/arthur/Library/TinyTeX/texmf-dist/fonts/type1/public/lm/lmbx10.pfb></Users/ar
thur/Library/TinyTeX/texmf-dist/fonts/type1/public/lm/lmbx12.pfb></Users/arthur
/Library/TinyTeX/texmf-dist/fonts/type1/public/lm/lmr10.pfb></Users/arthur/Libr
ary/TinyTeX/texmf-dist/fonts/type1/public/lm/lmr12.pfb></Users/arthur/Library/T
inyTeX/texmf-dist/fonts/type1/public/lm/lmr17.pfb>
Output written on supplementary.pdf (25 pages, 2816655 bytes).
PDF statistics:
 443 PDF objects out of 1000 (max. 8388607)
 362 compressed objects within 4 object streams
 91 named destinations out of 1000 (max. 500000)
 335 words of extra memory for PDF output out of 10000 (max. 10000000)

